2024/11/16 22:31:16 Error registering new user: pq: null value in column "id" of relation "users" violates not-null constraint
2024/11/16 22:31:16 Invalid login or password pq: null value in column "id" of relation "users" violates not-null constraint

2024/11/16 22:34:22 Attempting to log in user with email: oybek@gmail.com
2024/11/16 22:36:05 Attempting to log in user with email: oybek@gmail.com
2024/11/16 22:43:03 Email already exists: oybek@gmail.com
2024/11/16 23:00:37 Email already exists: oybek@gmail.com
2024/11/16 23:02:39 Error Incorrect email for validation: email: must be a valid email address.
2024/11/16 23:02:47 Register failed - missing required fields: <nil>
2024/11/16 23:02:47 Email already exists: Bridie7@yahoo.com
2024/11/16 23:02:47 Error Incorrect email for validation: email: must be a valid email address.
2024/11/16 23:02:48 Failed to check password in login <nil>
2024/11/16 23:02:48 Error retrieving user from database: sql: no rows in result set
2024/11/16 23:02:48 Invalid login or password sql: no rows in result set
2024/11/16 23:02:48 Login failed - missing required fields: <nil>
2024/11/16 23:02:50 Register failed - missing required fields: <nil>
2024/11/16 23:02:50 Error Incorrect password for validation: password: the length must be between 8 and 30.
2024/11/16 23:02:50 Email already exists: Margaretta0@yahoo.com
2024/11/16 23:02:50 Error Incorrect email for validation: email: must be a valid email address.
2024/11/16 23:02:52 Failed to check password in login <nil>
2024/11/16 23:02:52 Error retrieving user from database: sql: no rows in result set
2024/11/16 23:02:52 Invalid login or password sql: no rows in result set
2024/11/16 23:02:52 Login failed - missing required fields: <nil>
2024/11/16 23:03:36 Register failed - missing required fields: <nil>
2024/11/16 23:03:36 Error Incorrect password for validation: password: the length must be between 8 and 30.
2024/11/16 23:03:36 Email already exists: Adolphus15@yahoo.com
2024/11/16 23:03:36 Error Incorrect email for validation: email: must be a valid email address.
2024/11/16 23:03:36 Register failed - missing required fields: <nil>
2024/11/16 23:03:36 Email already exists: Rafaela71@yahoo.com
2024/11/16 23:03:36 Error Incorrect email for validation: email: must be a valid email address.
2024/11/16 23:03:37 Failed to check password in login <nil>
2024/11/16 23:03:37 Error retrieving user from database: sql: no rows in result set
2024/11/16 23:03:37 Invalid login or password sql: no rows in result set
2024/11/16 23:03:37 Login failed - missing required fields: <nil>
2024/11/16 23:03:38 Failed to check password in login <nil>
2024/11/16 23:03:38 Error retrieving user from database: sql: no rows in result set
2024/11/16 23:03:38 Invalid login or password sql: no rows in result set
2024/11/16 23:03:38 Login failed - missing required fields: <nil>
2024/11/16 23:07:17 Register failed - missing required fields: <nil>
2024/11/16 23:07:17 Error Incorrect password for validation: password: the length must be between 8 and 30.
2024/11/16 23:07:17 Email already exists: Darwin.Willms@hotmail.com
2024/11/16 23:07:17 Error Incorrect email for validation: email: must be a valid email address.
2024/11/16 23:07:17 Register failed - missing required fields: <nil>
2024/11/16 23:07:17 Email already exists: Archibald.Collins48@hotmail.com
2024/11/16 23:07:17 Error Incorrect email for validation: email: must be a valid email address.
2024/11/16 23:07:19 Failed to check password in login <nil>
2024/11/16 23:07:19 Error retrieving user from database: sql: no rows in result set
2024/11/16 23:07:19 Invalid login or password sql: no rows in result set
2024/11/16 23:07:19 Login failed - missing required fields: <nil>
2024/11/16 23:07:19 Failed to check password in login <nil>
2024/11/16 23:07:19 Error retrieving user from database: sql: no rows in result set
2024/11/16 23:07:19 Invalid login or password sql: no rows in result set
2024/11/16 23:07:19 Login failed - missing required fields: <nil>
2024/11/16 23:08:24 Register failed - missing required fields: <nil>
2024/11/16 23:08:24 Email already exists: Wava.OKeefe@hotmail.com
2024/11/16 23:08:24 Error Incorrect email for validation: email: must be a valid email address.
2024/11/16 23:08:24 Register failed - missing required fields: <nil>
2024/11/16 23:08:24 Error Incorrect password for validation: password: the length must be between 8 and 30.
2024/11/16 23:08:24 Email already exists: Dorothy18@hotmail.com
2024/11/16 23:08:24 Error Incorrect email for validation: email: must be a valid email address.
2024/11/16 23:08:25 Failed to check password in login <nil>
2024/11/16 23:08:25 Error retrieving user from database: sql: no rows in result set
2024/11/16 23:08:25 Invalid login or password sql: no rows in result set
2024/11/16 23:08:25 Login failed - missing required fields: <nil>
2024/11/16 23:08:25 Failed to check password in login <nil>
2024/11/16 23:08:25 Error retrieving user from database: sql: no rows in result set
2024/11/16 23:08:25 Invalid login or password sql: no rows in result set
2024/11/16 23:08:25 Login failed - missing required fields: <nil>
2024/11/16 23:10:02 Register failed - missing required fields: <nil>
2024/11/16 23:10:02 Error Incorrect password for validation: password: the length must be between 8 and 30.
2024/11/16 23:10:02 Email already exists: Georgette_Funk@hotmail.com
2024/11/16 23:10:02 Error Incorrect email for validation: email: must be a valid email address.
2024/11/16 23:10:02 Register failed - missing required fields: <nil>
2024/11/16 23:10:02 Email already exists: Celestine57@yahoo.com
2024/11/16 23:10:02 Error Incorrect email for validation: email: must be a valid email address.
2024/11/16 23:10:04 Failed to check password in login <nil>
2024/11/16 23:10:04 Error retrieving user from database: sql: no rows in result set
2024/11/16 23:10:04 Invalid login or password sql: no rows in result set
2024/11/16 23:10:04 Login failed - missing required fields: <nil>
2024/11/16 23:10:04 Failed to check password in login <nil>
2024/11/16 23:10:04 Error retrieving user from database: sql: no rows in result set
2024/11/16 23:10:04 Invalid login or password sql: no rows in result set
2024/11/16 23:10:04 Login failed - missing required fields: <nil>
2024/11/16 23:14:41 Register failed - missing required fields: <nil>
2024/11/16 23:14:41 Error Incorrect password for validation: password: the length must be between 8 and 30.
2024/11/16 23:14:41 Email already exists: Bernadette_Moen51@gmail.com
2024/11/16 23:14:41 Error Incorrect email for validation: email: must be a valid email address.
2024/11/16 23:14:41 Register failed - missing required fields: <nil>
2024/11/16 23:14:41 Email already exists: Jany_Thompson89@yahoo.com
2024/11/16 23:14:41 Error Incorrect email for validation: email: must be a valid email address.
2024/11/16 23:14:43 Failed to check password in login <nil>
2024/11/16 23:14:43 Failed to check password in login <nil>
2024/11/16 23:14:43 Error retrieving user from database: sql: no rows in result set
2024/11/16 23:14:43 Invalid login or password sql: no rows in result set
2024/11/16 23:14:43 Error retrieving user from database: sql: no rows in result set
2024/11/16 23:14:43 Invalid login or password sql: no rows in result set
2024/11/16 23:14:43 Login failed - missing required fields: <nil>
2024/11/16 23:14:43 Login failed - missing required fields: <nil>
2024/11/16 23:14:51 Register failed - missing required fields: <nil>
2024/11/16 23:14:51 Error Incorrect password for validation: password: the length must be between 8 and 30.
2024/11/16 23:14:51 Email already exists: Sandy_Dicki-Pfeffer@hotmail.com
2024/11/16 23:14:51 Error Incorrect email for validation: email: must be a valid email address.
2024/11/16 23:14:51 Register failed - missing required fields: <nil>
2024/11/16 23:14:51 Email already exists: Orrin_Lubowitz@gmail.com
2024/11/16 23:14:51 Error Incorrect email for validation: email: must be a valid email address.
2024/11/16 23:14:52 Failed to check password in login <nil>
2024/11/16 23:14:52 Error retrieving user from database: sql: no rows in result set
2024/11/16 23:14:52 Invalid login or password sql: no rows in result set
2024/11/16 23:14:52 Login failed - missing required fields: <nil>
2024/11/16 23:14:53 Failed to check password in login <nil>
2024/11/16 23:14:53 Error retrieving user from database: sql: no rows in result set
2024/11/16 23:14:53 Invalid login or password sql: no rows in result set
2024/11/16 23:14:53 Login failed - missing required fields: <nil>
2024/11/16 23:16:57 Register failed - missing required fields: <nil>
2024/11/16 23:16:57 Email already exists: Cathryn82@hotmail.com
2024/11/16 23:16:57 Error Incorrect email for validation: email: must be a valid email address.
2024/11/16 23:16:57 Register failed - missing required fields: <nil>
2024/11/16 23:16:57 Error registering new user: pq: invalid input value for enum user_role: "not-a-user-type"
2024/11/16 23:16:57 Error during registration: pq: invalid input value for enum user_role: "not-a-user-type"
2024/11/16 23:16:57 Email already exists: Tony_Lueilwitz-Paucek@yahoo.com
2024/11/16 23:16:57 Error Incorrect email for validation: email: must be a valid email address.
2024/11/16 23:16:58 Failed to check password in login <nil>
2024/11/16 23:16:58 Error retrieving user from database: sql: no rows in result set
2024/11/16 23:16:58 Invalid login or password sql: no rows in result set
2024/11/16 23:16:58 Login failed - missing required fields: <nil>
2024/11/16 23:16:59 Failed to check password in login <nil>
2024/11/16 23:16:59 Error retrieving user from database: sql: no rows in result set
2024/11/16 23:16:59 Invalid login or password sql: no rows in result set
2024/11/16 23:16:59 Login failed - missing required fields: <nil>
2024/11/17 07:11:07 Register failed - missing required fields: <nil>
2024/11/17 07:11:07 Register failed - missing required fields: <nil>
2024/11/17 07:11:07 Email already exists: Jakob_Herman4@yahoo.com
2024/11/17 07:11:07 Error Incorrect email for validation: email: must be a valid email address.
2024/11/17 07:11:07 Email already exists: Doug.Keeling@hotmail.com
2024/11/17 07:11:07 Error Incorrect email for validation: email: must be a valid email address.
2024/11/17 07:11:09 Failed to check password in login <nil>
2024/11/17 07:11:09 Error retrieving user from database: sql: no rows in result set
2024/11/17 07:11:09 Invalid login or password sql: no rows in result set
2024/11/17 07:11:09 Login failed - missing required fields: <nil>
2024/11/17 07:11:09 Failed to check password in login <nil>
2024/11/17 07:11:09 Error retrieving user from database: sql: no rows in result set
2024/11/17 07:11:09 Invalid login or password sql: no rows in result set
2024/11/17 07:11:09 Login failed - missing required fields: <nil>
2024/11/17 07:12:47 Register failed - missing required fields: <nil>
2024/11/17 07:12:47 Error Incorrect email for validation: email: must be a valid email address.
2024/11/17 07:12:47 Register failed - missing required fields: <nil>
2024/11/17 07:12:47 Error Incorrect email for validation: email: must be a valid email address.
2024/11/17 07:12:49 Failed to check password in login <nil>
2024/11/17 07:12:49 Error retrieving user from database: sql: no rows in result set
2024/11/17 07:12:49 Invalid login or password sql: no rows in result set
2024/11/17 07:12:49 Login failed - missing required fields: <nil>
2024/11/17 07:12:49 Failed to check password in login <nil>
2024/11/17 07:12:49 Error retrieving user from database: sql: no rows in result set
2024/11/17 07:12:49 Invalid login or password sql: no rows in result set
2024/11/17 07:12:49 Login failed - missing required fields: <nil>
2024/11/17 07:23:17 Register failed - missing required fields: <nil>
2024/11/17 07:23:17 Error Incorrect email for validation: email: must be a valid email address.
2024/11/17 07:23:17 Register failed - missing required fields: <nil>
2024/11/17 07:23:17 Error Incorrect email for validation: email: must be a valid email address.
2024/11/17 07:23:19 Failed to check password in login <nil>
2024/11/17 07:23:19 Error retrieving user from database: sql: no rows in result set
2024/11/17 07:23:19 Invalid login or password sql: no rows in result set
2024/11/17 07:23:19 Login failed - missing required fields: <nil>
2024/11/17 07:23:19 Failed to check password in login <nil>
2024/11/17 07:23:19 Error retrieving user from database: sql: no rows in result set
2024/11/17 07:23:19 Invalid login or password sql: no rows in result set
2024/11/17 07:23:19 Login failed - missing required fields: <nil>
2024/11/17 07:35:46 Register failed - missing required fields: <nil>
2024/11/17 07:35:46 Error Incorrect email for validation: email: must be a valid email address.
2024/11/17 07:35:46 Register failed - missing required fields: <nil>
2024/11/17 07:35:46 Error Incorrect email for validation: email: must be a valid email address.
2024/11/17 07:35:48 Failed to check password in login <nil>
2024/11/17 07:35:48 Error retrieving user from database: sql: no rows in result set
2024/11/17 07:35:48 Invalid login or password sql: no rows in result set
2024/11/17 07:35:48 Login failed - missing required fields: <nil>
2024/11/17 07:35:48 Failed to check password in login <nil>
2024/11/17 07:35:48 Error retrieving user from database: sql: no rows in result set
2024/11/17 07:35:48 Invalid login or password sql: no rows in result set
2024/11/17 07:35:48 Login failed - missing required fields: <nil>
2024/11/17 07:37:48 Register failed - missing required fields: <nil>
2024/11/17 07:37:48 Error Incorrect email for validation: email: must be a valid email address.
2024/11/17 07:37:48 Register failed - missing required fields: <nil>
2024/11/17 07:37:48 Error Incorrect email for validation: email: must be a valid email address.
2024/11/17 07:37:50 Failed to check password in login <nil>
2024/11/17 07:37:50 Error retrieving user from database: sql: no rows in result set
2024/11/17 07:37:50 Invalid login or password sql: no rows in result set
2024/11/17 07:37:50 Login failed - missing required fields: <nil>
2024/11/17 07:37:50 Failed to check password in login <nil>
2024/11/17 07:37:50 Error retrieving user from database: sql: no rows in result set
2024/11/17 07:37:50 Invalid login or password sql: no rows in result set
2024/11/17 07:37:50 Login failed - missing required fields: <nil>
2024/11/17 07:38:35 Register failed - missing required fields: <nil>
2024/11/17 07:38:35 Register failed - missing required fields: <nil>
2024/11/17 07:38:35 Error Incorrect email for validation: email: must be a valid email address.
2024/11/17 07:38:35 Error Incorrect email for validation: email: must be a valid email address.
2024/11/17 07:38:37 Failed to check password in login <nil>
2024/11/17 07:38:37 Failed to check password in login <nil>
2024/11/17 07:38:37 Error retrieving user from database: sql: no rows in result set
2024/11/17 07:38:37 Invalid login or password sql: no rows in result set
2024/11/17 07:38:37 Error retrieving user from database: sql: no rows in result set
2024/11/17 07:38:37 Invalid login or password sql: no rows in result set
2024/11/17 07:38:37 Login failed - missing required fields: <nil>
2024/11/17 07:38:37 Login failed - missing required fields: <nil>
2024/11/17 07:46:40 Register failed - missing required fields: <nil>
2024/11/17 07:46:40 Error Incorrect email for validation: email: must be a valid email address.
2024/11/17 07:46:40 Register failed - missing required fields: <nil>
2024/11/17 07:46:40 Error Incorrect email for validation: email: must be a valid email address.
2024/11/17 07:46:42 Failed to check password in login <nil>
2024/11/17 07:46:42 Error retrieving user from database: sql: no rows in result set
2024/11/17 07:46:42 Invalid login or password sql: no rows in result set
2024/11/17 07:46:42 Login failed - missing required fields: <nil>
2024/11/17 07:46:42 Failed to check password in login <nil>
2024/11/17 07:46:42 Error retrieving user from database: sql: no rows in result set
2024/11/17 07:46:42 Invalid login or password sql: no rows in result set
2024/11/17 07:46:42 Login failed - missing required fields: <nil>
2024/11/17 08:26:09 Register failed - missing required fields: <nil>
2024/11/17 08:26:09 Register failed - missing required fields: <nil>
2024/11/17 08:26:09 Error Incorrect email for validation: email: must be a valid email address.
2024/11/17 08:26:09 Error Incorrect email for validation: email: must be a valid email address.
2024/11/17 08:26:11 Failed to check password in login <nil>
2024/11/17 08:26:11 Failed to check password in login <nil>
2024/11/17 08:26:11 Error retrieving user from database: sql: no rows in result set
2024/11/17 08:26:11 Invalid login or password sql: no rows in result set
2024/11/17 08:26:11 Error retrieving user from database: sql: no rows in result set
2024/11/17 08:26:11 Invalid login or password sql: no rows in result set
2024/11/17 08:26:11 Login failed - missing required fields: <nil>
2024/11/17 08:26:11 Login failed - missing required fields: <nil>
2024/11/17 08:26:12 Error creating tender in postgres method pq: invalid input syntax for type uuid: "0"
2024/11/17 08:26:12 failed to create tender pq: invalid input syntax for type uuid: "0"
2024/11/17 08:26:12 Error updating tender in postgres method sql: no rows in result set
2024/11/17 08:26:12 failed to update tender sql: no rows in result set
2024/11/17 08:26:12 Error deleting tender in postgres method pq: invalid input syntax for type integer: "undefined"
2024/11/17 08:26:12 failed to delete tender pq: invalid input syntax for type integer: "undefined"
2024/11/17 08:32:58 Username already exists: string
2024/11/17 08:36:04 Register failed - missing required fields: <nil>
2024/11/17 08:36:04 Error Incorrect email for validation: email: must be a valid email address.
2024/11/17 08:36:04 Register failed - missing required fields: <nil>
2024/11/17 08:36:04 Error Incorrect email for validation: email: must be a valid email address.
2024/11/17 08:36:06 Failed to check password in login <nil>
2024/11/17 08:36:06 Error retrieving user from database: sql: no rows in result set
2024/11/17 08:36:06 Invalid login or password sql: no rows in result set
2024/11/17 08:36:06 Login failed - missing required fields: <nil>
2024/11/17 08:36:06 Failed to check password in login <nil>
2024/11/17 08:36:06 Error retrieving user from database: sql: no rows in result set
2024/11/17 08:36:06 Invalid login or password sql: no rows in result set
2024/11/17 08:36:06 Login failed - missing required fields: <nil>
2024/11/17 08:36:07 Error creating tender in postgres method pq: invalid input syntax for type uuid: "0"
2024/11/17 08:36:07 failed to create tender pq: invalid input syntax for type uuid: "0"
2024/11/17 08:36:07 Error updating tender in postgres method sql: no rows in result set
2024/11/17 08:36:07 failed to update tender sql: no rows in result set
2024/11/17 08:36:07 Error deleting tender in postgres method pq: invalid input syntax for type integer: "undefined"
2024/11/17 08:36:07 failed to delete tender pq: invalid input syntax for type integer: "undefined"
2024/11/17 08:38:01 Register failed - missing required fields: <nil>
2024/11/17 08:38:01 Error Incorrect email for validation: email: must be a valid email address.
2024/11/17 08:38:02 Register failed - missing required fields: <nil>
2024/11/17 08:38:02 Error Incorrect email for validation: email: must be a valid email address.
2024/11/17 08:38:03 Failed to check password in login <nil>
2024/11/17 08:38:03 Error retrieving user from database: sql: no rows in result set
2024/11/17 08:38:03 Invalid login or password sql: no rows in result set
2024/11/17 08:38:03 Login failed - missing required fields: <nil>
2024/11/17 08:38:03 Failed to check password in login <nil>
2024/11/17 08:38:03 Error retrieving user from database: sql: no rows in result set
2024/11/17 08:38:03 Invalid login or password sql: no rows in result set
2024/11/17 08:38:03 Login failed - missing required fields: <nil>
2024/11/17 08:38:04 Error creating tender in postgres method pq: invalid input syntax for type uuid: "0"
2024/11/17 08:38:04 failed to create tender pq: invalid input syntax for type uuid: "0"
2024/11/17 08:38:04 Error updating tender in postgres method sql: no rows in result set
2024/11/17 08:38:04 failed to update tender sql: no rows in result set
2024/11/17 08:38:04 Error deleting tender in postgres method pq: invalid input syntax for type integer: "undefined"
2024/11/17 08:38:04 failed to delete tender pq: invalid input syntax for type integer: "undefined"
2024/11/17 08:38:50 Request Headers:
2024/11/17 08:38:50 Sec-Ch-Ua-Mobile: ?0
2024/11/17 08:38:50 Sec-Fetch-Site: same-origin
2024/11/17 08:38:50 Sec-Fetch-Dest: empty
2024/11/17 08:38:50 Accept-Language: en-US,en;q=0.9,uz;q=0.8
2024/11/17 08:38:50 User-Agent: Mozilla/5.0 (X11; Linux x86_64) AppleWebKit/537.36 (KHTML, like Gecko) Chrome/129.0.0.0 Safari/537.36
2024/11/17 08:38:50 Accept: application/json
2024/11/17 08:38:50 Referer: http://localhost:8888/swagger/index.html
2024/11/17 08:38:50 Accept-Encoding: gzip, deflate, br, zstd
2024/11/17 08:38:50 Connection: keep-alive
2024/11/17 08:38:50 Sec-Ch-Ua-Platform: "Linux"
2024/11/17 08:38:50 Sec-Ch-Ua: "Google Chrome";v="129", "Not=A?Brand";v="8", "Chromium";v="129"
2024/11/17 08:38:50 Sec-Fetch-Mode: cors
2024/11/17 08:38:50 Cookie: g_state={"i_l":0}
2024/11/17 08:42:51 Register failed - missing required fields: <nil>
2024/11/17 08:42:51 Error Incorrect email for validation: email: must be a valid email address.
2024/11/17 08:42:51 Register failed - missing required fields: <nil>
2024/11/17 08:42:51 Error Incorrect email for validation: email: must be a valid email address.
2024/11/17 08:42:52 Failed to check password in login <nil>
2024/11/17 08:42:52 Error retrieving user from database: sql: no rows in result set
2024/11/17 08:42:52 Invalid login or password sql: no rows in result set
2024/11/17 08:42:52 Login failed - missing required fields: <nil>
2024/11/17 08:42:52 Failed to check password in login <nil>
2024/11/17 08:42:52 Error retrieving user from database: sql: no rows in result set
2024/11/17 08:42:52 Invalid login or password sql: no rows in result set
2024/11/17 08:42:52 Login failed - missing required fields: <nil>
2024/11/17 08:42:53 Error creating tender in postgres method pq: invalid input syntax for type uuid: "0"
2024/11/17 08:42:53 failed to create tender pq: invalid input syntax for type uuid: "0"
2024/11/17 08:42:53 Error updating tender in postgres method sql: no rows in result set
2024/11/17 08:42:53 failed to update tender sql: no rows in result set
2024/11/17 08:42:53 Error deleting tender in postgres method pq: invalid input syntax for type integer: "undefined"
2024/11/17 08:42:53 failed to delete tender pq: invalid input syntax for type integer: "undefined"
2024/11/17 08:44:21 Register failed - missing required fields: <nil>
2024/11/17 08:44:21 Error Incorrect email for validation: email: must be a valid email address.
2024/11/17 08:44:21 Register failed - missing required fields: <nil>
2024/11/17 08:44:21 Error Incorrect email for validation: email: must be a valid email address.
2024/11/17 08:44:22 Failed to check password in login <nil>
2024/11/17 08:44:22 Error retrieving user from database: sql: no rows in result set
2024/11/17 08:44:22 Invalid login or password sql: no rows in result set
2024/11/17 08:44:22 Login failed - missing required fields: <nil>
2024/11/17 08:44:22 Failed to check password in login <nil>
2024/11/17 08:44:22 Error retrieving user from database: sql: no rows in result set
2024/11/17 08:44:22 Invalid login or password sql: no rows in result set
2024/11/17 08:44:22 Login failed - missing required fields: <nil>
2024/11/17 08:44:23 Error creating tender in postgres method pq: invalid input syntax for type uuid: "0"
2024/11/17 08:44:23 failed to create tender pq: invalid input syntax for type uuid: "0"
2024/11/17 08:44:23 Error updating tender in postgres method sql: no rows in result set
2024/11/17 08:44:23 failed to update tender sql: no rows in result set
2024/11/17 08:44:23 Error deleting tender in postgres method pq: invalid input syntax for type integer: "undefined"
2024/11/17 08:44:23 failed to delete tender pq: invalid input syntax for type integer: "undefined"
2024/11/17 08:47:13 Register failed - missing required fields: <nil>
2024/11/17 08:47:13 Error Incorrect email for validation: email: must be a valid email address.
2024/11/17 08:47:13 Register failed - missing required fields: <nil>
2024/11/17 08:47:13 Error Incorrect email for validation: email: must be a valid email address.
2024/11/17 08:47:14 Failed to check password in login <nil>
2024/11/17 08:47:14 Error retrieving user from database: sql: no rows in result set
2024/11/17 08:47:14 Invalid login or password sql: no rows in result set
2024/11/17 08:47:14 Login failed - missing required fields: <nil>
2024/11/17 08:47:14 Failed to check password in login <nil>
2024/11/17 08:47:14 Error retrieving user from database: sql: no rows in result set
2024/11/17 08:47:14 Invalid login or password sql: no rows in result set
2024/11/17 08:47:14 Login failed - missing required fields: <nil>
2024/11/17 08:47:15 Error creating tender in postgres method pq: invalid input syntax for type uuid: "0"
2024/11/17 08:47:15 failed to create tender pq: invalid input syntax for type uuid: "0"
2024/11/17 08:47:15 Error updating tender in postgres method sql: no rows in result set
2024/11/17 08:47:15 failed to update tender sql: no rows in result set
2024/11/17 08:47:15 Error deleting tender in postgres method pq: invalid input syntax for type integer: "undefined"
2024/11/17 08:47:15 failed to delete tender pq: invalid input syntax for type integer: "undefined"
